
R version 2.15.1 Patched (2012-07-30 r60052) -- "Roasted Marshmallows"
Copyright (C) 2012 The R Foundation for Statistical Computing
ISBN 3-900051-07-0
Platform: x86_64-apple-darwin9.8.0/x86_64 (64-bit)

R is free software and comes with ABSOLUTELY NO WARRANTY.
You are welcome to redistribute it under certain conditions.
Type 'license()' or 'licence()' for distribution details.

  Natural language support but running in an English locale

R is a collaborative project with many contributors.
Type 'contributors()' for more information and
'citation()' on how to cite R or R packages in publications.

Type 'demo()' for some demos, 'help()' for on-line help, or
'help.start()' for an HTML browser interface to help.
Type 'q()' to quit R.

> rm (list=ls())
> library (RCytoscape)
Loading required package: graph
Loading required package: XMLRPC
> sessionInfo ()
R version 2.15.1 Patched (2012-07-30 r60052)
Platform: x86_64-apple-darwin9.8.0/x86_64 (64-bit)

locale:
[1] en_US.utf-8/en_US.utf-8/en_US.utf-8/C/en_US.utf-8/en_US.utf-8

attached base packages:
[1] stats     graphics  grDevices utils     datasets  methods   base     

other attached packages:
[1] RCytoscape_1.7.14 XMLRPC_0.2-4      graph_1.35.3     

loaded via a namespace (and not attached):
[1] BiocGenerics_0.3.0 RCurl_1.91-1       tools_2.15.1       XML_3.9-4         
> base::source ('unitTests/test_cytoscape.R')
> run.tests ()
------- test.create.class
nodes have no label attribute -- adding default labels
------- test.deleteWindow
nodes have no label attribute -- adding default labels
------- test.deleteWindow
nodes have no label attribute -- adding default labels
------- test.getWindowID
estimated displayGraph time:      0.1 seconds
adding 3 nodes...
sending 3 nodes
ending sendNodes
adding 3 edges...
transforming (3) graph edges to nodePairTable
sending 3 edges
adding node attributes...
[1] "type"
[1] "lfc"
[1] "label"
[1] "count"
adding edge attributes...
[1] "edgeType"
entering setEdgeAttributesDirect, edgeType, with 3 names and 3 values
[1] "score"
entering setEdgeAttributesDirect, score, with 3 names and 3 values
0.015 0.001 0.016 0 0
[1] "misc"
entering setEdgeAttributesDirect, misc, with 3 names and 3 values
------- test.getWindowList
nodes have no label attribute -- adding default labels
------- test.getNodeShapes
[1] ------- test.getLayoutPropertyNames
[1] ------- test.getLayoutPropertyType
[1] ------- test.getLayoutPropertyValue
------- test.setLayoutProperties
estimated displayGraph time:      0.1 seconds
adding 3 nodes...
sending 3 nodes
ending sendNodes
adding 3 edges...
transforming (3) graph edges to nodePairTable
sending 3 edges
adding node attributes...
[1] "type"
[1] "lfc"
[1] "label"
[1] "count"
adding edge attributes...
[1] "edgeType"
entering setEdgeAttributesDirect, edgeType, with 3 names and 3 values
[1] "score"
entering setEdgeAttributesDirect, score, with 3 names and 3 values
0.018 0.001 0.019 0 0
[1] "misc"
entering setEdgeAttributesDirect, misc, with 3 names and 3 values
------- test.sendNodes
sending 3 nodes
ending sendNodes
------- test.sendEdges
sending 3 nodes
ending sendNodes
transforming (3) graph edges to nodePairTable
sending 3 edges
------- test.setNodeAttributes
sending 3 nodes
ending sendNodes
------- test.setEdgeAttributes
estimated displayGraph time:      0.1 seconds
adding 3 nodes...
sending 3 nodes
ending sendNodes
adding 3 edges...
transforming (3) graph edges to nodePairTable
sending 3 edges
adding node attributes...
[1] "type"
[1] "lfc"
[1] "label"
[1] "count"
adding edge attributes...
[1] "edgeType"
entering setEdgeAttributesDirect, edgeType, with 3 names and 3 values
[1] "score"
entering setEdgeAttributesDirect, score, with 3 names and 3 values
0.014 0.001 0.016 0 0
[1] "misc"
entering setEdgeAttributesDirect, misc, with 3 names and 3 values
entering setEdgeAttributesDirect, edgeType, with 3 names and 3 values
entering setEdgeAttributesDirect, score, with 3 names and 3 values
0.014 0 0.015 0 0
entering setEdgeAttributesDirect, misc, with 3 names and 3 values
entering setEdgeAttributesDirect, misc, with 3 names and 3 values
entering setEdgeAttributesDirect, misc, with 1 names and 1 values
------- test.noa
------- test.eda
------- test.cy2.edge.names
------- test.panelOperations
nodes have no label attribute -- adding default labels
------- test.showGraphicsDetails
estimated displayGraph time:      0.1 seconds
adding 3 nodes...
sending 3 nodes
ending sendNodes
adding 3 edges...
transforming (3) graph edges to nodePairTable
sending 3 edges
adding node attributes...
[1] "type"
[1] "lfc"
[1] "label"
[1] "count"
adding edge attributes...
[1] "edgeType"
entering setEdgeAttributesDirect, edgeType, with 3 names and 3 values
[1] "score"
entering setEdgeAttributesDirect, score, with 3 names and 3 values
0.018 0.001 0.019 0 0
[1] "misc"
entering setEdgeAttributesDirect, misc, with 3 names and 3 values
------- test.setDefaultNodeShape
estimated displayGraph time:      0.1 seconds
adding 3 nodes...
sending 3 nodes
ending sendNodes
adding 3 edges...
transforming (3) graph edges to nodePairTable
sending 3 edges
adding node attributes...
[1] "type"
[1] "lfc"
[1] "label"
[1] "count"
adding edge attributes...
[1] "edgeType"
entering setEdgeAttributesDirect, edgeType, with 3 names and 3 values
[1] "score"
entering setEdgeAttributesDirect, score, with 3 names and 3 values
0.012 0.001 0.013 0 0
[1] "misc"
entering setEdgeAttributesDirect, misc, with 3 names and 3 values
------- test.setDefaultNodeColor
estimated displayGraph time:      0.1 seconds
adding 3 nodes...
sending 3 nodes
ending sendNodes
adding 3 edges...
transforming (3) graph edges to nodePairTable
sending 3 edges
adding node attributes...
[1] "type"
[1] "lfc"
[1] "label"
[1] "count"
adding edge attributes...
[1] "edgeType"
entering setEdgeAttributesDirect, edgeType, with 3 names and 3 values
[1] "score"
entering setEdgeAttributesDirect, score, with 3 names and 3 values
0.013 0.001 0.013 0 0
[1] "misc"
entering setEdgeAttributesDirect, misc, with 3 names and 3 values
------- test.setDefaultNodeSize
estimated displayGraph time:      0.1 seconds
adding 3 nodes...
sending 3 nodes
ending sendNodes
adding 3 edges...
transforming (3) graph edges to nodePairTable
sending 3 edges
adding node attributes...
[1] "type"
[1] "lfc"
[1] "label"
[1] "count"
adding edge attributes...
[1] "edgeType"
entering setEdgeAttributesDirect, edgeType, with 3 names and 3 values
[1] "score"
entering setEdgeAttributesDirect, score, with 3 names and 3 values
0.013 0.001 0.014 0 0
[1] "misc"
entering setEdgeAttributesDirect, misc, with 3 names and 3 values
------- test.setDefaultNodeBorderColor
estimated displayGraph time:      0.1 seconds
adding 3 nodes...
sending 3 nodes
ending sendNodes
adding 3 edges...
transforming (3) graph edges to nodePairTable
sending 3 edges
adding node attributes...
[1] "type"
[1] "lfc"
[1] "label"
[1] "count"
adding edge attributes...
[1] "edgeType"
entering setEdgeAttributesDirect, edgeType, with 3 names and 3 values
[1] "score"
entering setEdgeAttributesDirect, score, with 3 names and 3 values
0.017 0.001 0.019 0 0
[1] "misc"
entering setEdgeAttributesDirect, misc, with 3 names and 3 values
------- test.setDefaultNodeBorderWidth
estimated displayGraph time:      0.1 seconds
adding 3 nodes...
sending 3 nodes
ending sendNodes
adding 3 edges...
transforming (3) graph edges to nodePairTable
sending 3 edges
adding node attributes...
[1] "type"
[1] "lfc"
[1] "label"
[1] "count"
adding edge attributes...
[1] "edgeType"
entering setEdgeAttributesDirect, edgeType, with 3 names and 3 values
[1] "score"
entering setEdgeAttributesDirect, score, with 3 names and 3 values
0.019 0 0.02 0 0
[1] "misc"
entering setEdgeAttributesDirect, misc, with 3 names and 3 values
------- test.setDefaultNodeFontSize
estimated displayGraph time:      0.1 seconds
adding 3 nodes...
sending 3 nodes
ending sendNodes
adding 3 edges...
transforming (3) graph edges to nodePairTable
sending 3 edges
adding node attributes...
[1] "type"
[1] "lfc"
[1] "label"
[1] "count"
adding edge attributes...
[1] "edgeType"
entering setEdgeAttributesDirect, edgeType, with 3 names and 3 values
[1] "score"
entering setEdgeAttributesDirect, score, with 3 names and 3 values
0.013 0 0.015 0 0
[1] "misc"
entering setEdgeAttributesDirect, misc, with 3 names and 3 values
------- test.setDefaultNodeLabelColor
estimated displayGraph time:      0.1 seconds
adding 3 nodes...
sending 3 nodes
ending sendNodes
adding 3 edges...
transforming (3) graph edges to nodePairTable
sending 3 edges
adding node attributes...
[1] "type"
[1] "lfc"
[1] "label"
[1] "count"
adding edge attributes...
[1] "edgeType"
entering setEdgeAttributesDirect, edgeType, with 3 names and 3 values
[1] "score"
entering setEdgeAttributesDirect, score, with 3 names and 3 values
0.014 0.001 0.015 0 0
[1] "misc"
entering setEdgeAttributesDirect, misc, with 3 names and 3 values
------- test.setDefaultEdgeLineWidth
estimated displayGraph time:      0.1 seconds
adding 3 nodes...
sending 3 nodes
ending sendNodes
adding 3 edges...
transforming (3) graph edges to nodePairTable
sending 3 edges
adding node attributes...
[1] "type"
[1] "lfc"
[1] "label"
[1] "count"
adding edge attributes...
[1] "edgeType"
entering setEdgeAttributesDirect, edgeType, with 3 names and 3 values
[1] "score"
entering setEdgeAttributesDirect, score, with 3 names and 3 values
0.019 0.001 0.021 0 0
[1] "misc"
entering setEdgeAttributesDirect, misc, with 3 names and 3 values
------- test.setDefaultEdgeColor
estimated displayGraph time:      0.1 seconds
adding 3 nodes...
sending 3 nodes
ending sendNodes
adding 3 edges...
transforming (3) graph edges to nodePairTable
sending 3 edges
adding node attributes...
[1] "type"
[1] "lfc"
[1] "label"
[1] "count"
adding edge attributes...
[1] "edgeType"
entering setEdgeAttributesDirect, edgeType, with 3 names and 3 values
[1] "score"
entering setEdgeAttributesDirect, score, with 3 names and 3 values
0.019 0 0.02 0 0
[1] "misc"
entering setEdgeAttributesDirect, misc, with 3 names and 3 values
------- test.setDefaultEdgeFontSize
estimated displayGraph time:      0.1 seconds
adding 3 nodes...
sending 3 nodes
ending sendNodes
adding 3 edges...
transforming (3) graph edges to nodePairTable
sending 3 edges
adding node attributes...
[1] "type"
[1] "lfc"
[1] "label"
[1] "count"
adding edge attributes...
[1] "edgeType"
entering setEdgeAttributesDirect, edgeType, with 3 names and 3 values
[1] "score"
entering setEdgeAttributesDirect, score, with 3 names and 3 values
0.013 0 0.015 0 0
[1] "misc"
entering setEdgeAttributesDirect, misc, with 3 names and 3 values
------- test.setNodeLabelRule
estimated displayGraph time:      0.1 seconds
adding 3 nodes...
sending 3 nodes
ending sendNodes
adding 3 edges...
transforming (3) graph edges to nodePairTable
sending 3 edges
adding node attributes...
[1] "type"
[1] "lfc"
[1] "label"
[1] "count"
adding edge attributes...
[1] "edgeType"
entering setEdgeAttributesDirect, edgeType, with 3 names and 3 values
[1] "score"
entering setEdgeAttributesDirect, score, with 3 names and 3 values
0.014 0 0.016 0 0
[1] "misc"
entering setEdgeAttributesDirect, misc, with 3 names and 3 values
------- test.setEdgeLabelRule
estimated displayGraph time:      0.1 seconds
adding 3 nodes...
sending 3 nodes
ending sendNodes
adding 3 edges...
transforming (3) graph edges to nodePairTable
sending 3 edges
adding node attributes...
[1] "type"
[1] "lfc"
[1] "label"
[1] "count"
adding edge attributes...
[1] "edgeType"
entering setEdgeAttributesDirect, edgeType, with 3 names and 3 values
[1] "score"
entering setEdgeAttributesDirect, score, with 3 names and 3 values
0.013 0 0.014 0 0
[1] "misc"
entering setEdgeAttributesDirect, misc, with 3 names and 3 values
------- test.setNodeTooltipRule
estimated displayGraph time:      0.1 seconds
adding 3 nodes...
sending 3 nodes
ending sendNodes
adding 3 edges...
transforming (3) graph edges to nodePairTable
sending 3 edges
adding node attributes...
[1] "type"
[1] "lfc"
[1] "label"
[1] "count"
adding edge attributes...
[1] "edgeType"
entering setEdgeAttributesDirect, edgeType, with 3 names and 3 values
[1] "score"
entering setEdgeAttributesDirect, score, with 3 names and 3 values
0.019 0.001 0.021 0 0
[1] "misc"
entering setEdgeAttributesDirect, misc, with 3 names and 3 values
------- test.setEdgeTooltipRule
estimated displayGraph time:      0.1 seconds
adding 3 nodes...
sending 3 nodes
ending sendNodes
adding 3 edges...
transforming (3) graph edges to nodePairTable
sending 3 edges
adding node attributes...
[1] "type"
[1] "lfc"
[1] "label"
[1] "count"
adding edge attributes...
[1] "edgeType"
entering setEdgeAttributesDirect, edgeType, with 3 names and 3 values
[1] "score"
entering setEdgeAttributesDirect, score, with 3 names and 3 values
0.02 0 0.022 0 0
[1] "misc"
entering setEdgeAttributesDirect, misc, with 3 names and 3 values
------- test.setNodeColorRule
estimated displayGraph time:      0.1 seconds
adding 3 nodes...
sending 3 nodes
ending sendNodes
adding 3 edges...
transforming (3) graph edges to nodePairTable
sending 3 edges
adding node attributes...
[1] "type"
[1] "lfc"
[1] "label"
[1] "count"
adding edge attributes...
[1] "edgeType"
entering setEdgeAttributesDirect, edgeType, with 3 names and 3 values
[1] "score"
entering setEdgeAttributesDirect, score, with 3 names and 3 values
0.012 0.001 0.013 0 0
[1] "misc"
entering setEdgeAttributesDirect, misc, with 3 names and 3 values
------- test.setNodeBorderColorRule
estimated displayGraph time:      0.1 seconds
adding 3 nodes...
sending 3 nodes
ending sendNodes
adding 3 edges...
transforming (3) graph edges to nodePairTable
sending 3 edges
adding node attributes...
[1] "type"
[1] "lfc"
[1] "label"
[1] "count"
adding edge attributes...
[1] "edgeType"
entering setEdgeAttributesDirect, edgeType, with 3 names and 3 values
[1] "score"
entering setEdgeAttributesDirect, score, with 3 names and 3 values
0.012 0 0.014 0 0
[1] "misc"
entering setEdgeAttributesDirect, misc, with 3 names and 3 values
------- test.setNodeBorderWidthRule
estimated displayGraph time:      0.1 seconds
adding 3 nodes...
sending 3 nodes
ending sendNodes
adding 3 edges...
transforming (3) graph edges to nodePairTable
sending 3 edges
adding node attributes...
[1] "type"
[1] "lfc"
[1] "label"
[1] "count"
adding edge attributes...
[1] "edgeType"
entering setEdgeAttributesDirect, edgeType, with 3 names and 3 values
[1] "score"
entering setEdgeAttributesDirect, score, with 3 names and 3 values
0.016 0.001 0.017 0 0
[1] "misc"
entering setEdgeAttributesDirect, misc, with 3 names and 3 values
------- test.setNodeSizeRule
estimated displayGraph time:      0.1 seconds
adding 3 nodes...
sending 3 nodes
ending sendNodes
adding 3 edges...
transforming (3) graph edges to nodePairTable
sending 3 edges
adding node attributes...
[1] "type"
[1] "lfc"
[1] "label"
[1] "count"
adding edge attributes...
[1] "edgeType"
entering setEdgeAttributesDirect, edgeType, with 3 names and 3 values
[1] "score"
entering setEdgeAttributesDirect, score, with 3 names and 3 values
0.012 0 0.013 0 0
[1] "misc"
entering setEdgeAttributesDirect, misc, with 3 names and 3 values
RCytoscape::setNodeSizeRule, no 'below' or 'above' sizes specified.  Inferred from node.sizes.
------- test.setNodeShapeRule
estimated displayGraph time:      0.1 seconds
adding 3 nodes...
sending 3 nodes
ending sendNodes
adding 3 edges...
transforming (3) graph edges to nodePairTable
sending 3 edges
adding node attributes...
[1] "type"
[1] "lfc"
[1] "label"
[1] "count"
adding edge attributes...
[1] "edgeType"
entering setEdgeAttributesDirect, edgeType, with 3 names and 3 values
[1] "score"
entering setEdgeAttributesDirect, score, with 3 names and 3 values
0.012 0 0.014 0 0
[1] "misc"
entering setEdgeAttributesDirect, misc, with 3 names and 3 values
------- test.setNodeOpacityRule
estimated displayGraph time:      0.1 seconds
adding 3 nodes...
sending 3 nodes
ending sendNodes
adding 3 edges...
transforming (3) graph edges to nodePairTable
sending 3 edges
adding node attributes...
[1] "type"
[1] "lfc"
[1] "label"
[1] "count"
adding edge attributes...
[1] "edgeType"
entering setEdgeAttributesDirect, edgeType, with 3 names and 3 values
[1] "score"
entering setEdgeAttributesDirect, score, with 3 names and 3 values
0.015 0 0.016 0 0
[1] "misc"
entering setEdgeAttributesDirect, misc, with 3 names and 3 values
------- test.setNodeColorDirect
estimated displayGraph time:      0.1 seconds
adding 3 nodes...
sending 3 nodes
ending sendNodes
adding 3 edges...
transforming (3) graph edges to nodePairTable
sending 3 edges
adding node attributes...
[1] "type"
[1] "lfc"
[1] "label"
[1] "count"
adding edge attributes...
[1] "edgeType"
entering setEdgeAttributesDirect, edgeType, with 3 names and 3 values
[1] "score"
entering setEdgeAttributesDirect, score, with 3 names and 3 values
0.013 0.001 0.014 0 0
[1] "misc"
entering setEdgeAttributesDirect, misc, with 3 names and 3 values
------- test.setNodeBorderColorDirect
estimated displayGraph time:      0.1 seconds
adding 3 nodes...
sending 3 nodes
ending sendNodes
adding 3 edges...
transforming (3) graph edges to nodePairTable
sending 3 edges
adding node attributes...
[1] "type"
[1] "lfc"
[1] "label"
[1] "count"
adding edge attributes...
[1] "edgeType"
entering setEdgeAttributesDirect, edgeType, with 3 names and 3 values
[1] "score"
entering setEdgeAttributesDirect, score, with 3 names and 3 values
0.012 0.001 0.014 0 0
[1] "misc"
entering setEdgeAttributesDirect, misc, with 3 names and 3 values
------- test.setNodeLabelDirect
estimated displayGraph time:      0.1 seconds
adding 3 nodes...
sending 3 nodes
ending sendNodes
adding 3 edges...
transforming (3) graph edges to nodePairTable
sending 3 edges
adding node attributes...
[1] "type"
[1] "lfc"
[1] "label"
[1] "count"
adding edge attributes...
[1] "edgeType"
entering setEdgeAttributesDirect, edgeType, with 3 names and 3 values
[1] "score"
entering setEdgeAttributesDirect, score, with 3 names and 3 values
0.012 0 0.014 0 0
[1] "misc"
entering setEdgeAttributesDirect, misc, with 3 names and 3 values
[1] "--- test.setNodeLabelsPropertiesDirect"
------- test.setNodeLabelPropertiesDirect
estimated displayGraph time:      0.1 seconds
adding 3 nodes...
sending 3 nodes
ending sendNodes
adding 3 edges...
transforming (3) graph edges to nodePairTable
sending 3 edges
adding node attributes...
[1] "type"
[1] "lfc"
[1] "label"
[1] "count"
adding edge attributes...
[1] "edgeType"
entering setEdgeAttributesDirect, edgeType, with 3 names and 3 values
[1] "score"
entering setEdgeAttributesDirect, score, with 3 names and 3 values
0.014 0 0.015 0 0
[1] "misc"
entering setEdgeAttributesDirect, misc, with 3 names and 3 values
------- test.setNodeOpacityDirect
estimated displayGraph time:      0.1 seconds
adding 4 nodes...
sending 4 nodes
ending sendNodes
adding 3 edges...
transforming (3) graph edges to nodePairTable
sending 3 edges
adding node attributes...
[1] "type"
[1] "lfc"
[1] "label"
[1] "count"
adding edge attributes...
[1] "edgeType"
entering setEdgeAttributesDirect, edgeType, with 3 names and 3 values
[1] "score"
entering setEdgeAttributesDirect, score, with 3 names and 3 values
0.012 0.001 0.013 0 0
[1] "misc"
entering setEdgeAttributesDirect, misc, with 3 names and 3 values
------- test.setEdgeOpacityDirect
estimated displayGraph time:      0.1 seconds
adding 3 nodes...
sending 3 nodes
ending sendNodes
adding 3 edges...
transforming (3) graph edges to nodePairTable
sending 3 edges
adding node attributes...
[1] "type"
[1] "lfc"
[1] "label"
[1] "count"
adding edge attributes...
[1] "edgeType"
entering setEdgeAttributesDirect, edgeType, with 3 names and 3 values
[1] "score"
entering setEdgeAttributesDirect, score, with 3 names and 3 values
0.012 0.001 0.014 0 0
[1] "misc"
entering setEdgeAttributesDirect, misc, with 3 names and 3 values
------- test.setEdgeColorDirect
estimated displayGraph time:      0.1 seconds
adding 3 nodes...
sending 3 nodes
ending sendNodes
adding 3 edges...
transforming (3) graph edges to nodePairTable
sending 3 edges
adding node attributes...
[1] "type"
[1] "lfc"
[1] "label"
[1] "count"
adding edge attributes...
[1] "edgeType"
entering setEdgeAttributesDirect, edgeType, with 3 names and 3 values
[1] "score"
entering setEdgeAttributesDirect, score, with 3 names and 3 values
0.012 0.001 0.013 0 0
[1] "misc"
entering setEdgeAttributesDirect, misc, with 3 names and 3 values
------- test.setEdgeSourceArrowShapeDirect
estimated displayGraph time:      0.1 seconds
adding 3 nodes...
sending 3 nodes
ending sendNodes
adding 3 edges...
transforming (3) graph edges to nodePairTable
sending 3 edges
adding node attributes...
[1] "type"
[1] "lfc"
[1] "label"
[1] "count"
adding edge attributes...
[1] "edgeType"
entering setEdgeAttributesDirect, edgeType, with 3 names and 3 values
[1] "score"
entering setEdgeAttributesDirect, score, with 3 names and 3 values
0.016 0 0.019 0 0
[1] "misc"
entering setEdgeAttributesDirect, misc, with 3 names and 3 values
------- test.setEdgeOpacityDirect
estimated displayGraph time:      0.1 seconds
adding 3 nodes...
sending 3 nodes
ending sendNodes
adding 3 edges...
transforming (3) graph edges to nodePairTable
sending 3 edges
adding node attributes...
[1] "type"
[1] "lfc"
[1] "label"
[1] "count"
adding edge attributes...
[1] "edgeType"
entering setEdgeAttributesDirect, edgeType, with 3 names and 3 values
[1] "score"
entering setEdgeAttributesDirect, score, with 3 names and 3 values
0.013 0.001 0.014 0 0
[1] "misc"
entering setEdgeAttributesDirect, misc, with 3 names and 3 values
------- test.setEdgeOpacityDirect
estimated displayGraph time:      0.1 seconds
adding 3 nodes...
sending 3 nodes
ending sendNodes
adding 3 edges...
transforming (3) graph edges to nodePairTable
sending 3 edges
adding node attributes...
[1] "type"
[1] "lfc"
[1] "label"
[1] "count"
adding edge attributes...
[1] "edgeType"
entering setEdgeAttributesDirect, edgeType, with 3 names and 3 values
[1] "score"
entering setEdgeAttributesDirect, score, with 3 names and 3 values
0.012 0.001 0.014 0 0
[1] "misc"
entering setEdgeAttributesDirect, misc, with 3 names and 3 values
------- test.setEdgeOpacityDirect
estimated displayGraph time:      0.1 seconds
adding 3 nodes...
sending 3 nodes
ending sendNodes
adding 3 edges...
transforming (3) graph edges to nodePairTable
sending 3 edges
adding node attributes...
[1] "type"
[1] "lfc"
[1] "label"
[1] "count"
adding edge attributes...
[1] "edgeType"
entering setEdgeAttributesDirect, edgeType, with 3 names and 3 values
[1] "score"
entering setEdgeAttributesDirect, score, with 3 names and 3 values
0.016 0.001 0.018 0 0
[1] "misc"
entering setEdgeAttributesDirect, misc, with 3 names and 3 values
------- setEdgeTooltipDirect.test
estimated displayGraph time:      0.1 seconds
adding 3 nodes...
sending 3 nodes
ending sendNodes
adding 3 edges...
transforming (3) graph edges to nodePairTable
sending 3 edges
adding node attributes...
[1] "type"
[1] "lfc"
[1] "label"
[1] "count"
adding edge attributes...
[1] "edgeType"
entering setEdgeAttributesDirect, edgeType, with 3 names and 3 values
[1] "score"
entering setEdgeAttributesDirect, score, with 3 names and 3 values
0.016 0.001 0.017 0 0
[1] "misc"
entering setEdgeAttributesDirect, misc, with 3 names and 3 values
------- test.setEdgeLineWidthDirect
estimated displayGraph time:      0.1 seconds
adding 3 nodes...
sending 3 nodes
ending sendNodes
adding 3 edges...
transforming (3) graph edges to nodePairTable
sending 3 edges
adding node attributes...
[1] "type"
[1] "lfc"
[1] "label"
[1] "count"
adding edge attributes...
[1] "edgeType"
entering setEdgeAttributesDirect, edgeType, with 3 names and 3 values
[1] "score"
entering setEdgeAttributesDirect, score, with 3 names and 3 values
0.014 0.001 0.016 0 0
[1] "misc"
entering setEdgeAttributesDirect, misc, with 3 names and 3 values
------- test.setEdgeLineStyleDirect
estimated displayGraph time:      0.1 seconds
adding 3 nodes...
sending 3 nodes
ending sendNodes
adding 3 edges...
transforming (3) graph edges to nodePairTable
sending 3 edges
adding node attributes...
[1] "type"
[1] "lfc"
[1] "label"
[1] "count"
adding edge attributes...
[1] "edgeType"
entering setEdgeAttributesDirect, edgeType, with 3 names and 3 values
[1] "score"
entering setEdgeAttributesDirect, score, with 3 names and 3 values
0.016 0.001 0.018 0 0
[1] "misc"
entering setEdgeAttributesDirect, misc, with 3 names and 3 values
------- test.setEdgeSourceArrowShapeDirect
estimated displayGraph time:      0.1 seconds
adding 3 nodes...
sending 3 nodes
ending sendNodes
adding 3 edges...
transforming (3) graph edges to nodePairTable
sending 3 edges
adding node attributes...
[1] "type"
[1] "lfc"
[1] "label"
[1] "count"
adding edge attributes...
[1] "edgeType"
entering setEdgeAttributesDirect, edgeType, with 3 names and 3 values
[1] "score"
entering setEdgeAttributesDirect, score, with 3 names and 3 values
0.013 0 0.014 0 0
[1] "misc"
entering setEdgeAttributesDirect, misc, with 3 names and 3 values
------- test.setEdgeTargetArrowShapeDirect
estimated displayGraph time:      0.1 seconds
adding 3 nodes...
sending 3 nodes
ending sendNodes
adding 3 edges...
transforming (3) graph edges to nodePairTable
sending 3 edges
adding node attributes...
[1] "type"
[1] "lfc"
[1] "label"
[1] "count"
adding edge attributes...
[1] "edgeType"
entering setEdgeAttributesDirect, edgeType, with 3 names and 3 values
[1] "score"
entering setEdgeAttributesDirect, score, with 3 names and 3 values
0.013 0 0.014 0 0
[1] "misc"
entering setEdgeAttributesDirect, misc, with 3 names and 3 values
------- test.setEdgeSourceArrowColorDirect
estimated displayGraph time:      0.1 seconds
adding 3 nodes...
sending 3 nodes
ending sendNodes
adding 3 edges...
transforming (3) graph edges to nodePairTable
sending 3 edges
adding node attributes...
[1] "type"
[1] "lfc"
[1] "label"
[1] "count"
adding edge attributes...
[1] "edgeType"
entering setEdgeAttributesDirect, edgeType, with 3 names and 3 values
[1] "score"
entering setEdgeAttributesDirect, score, with 3 names and 3 values
0.013 0 0.015 0 0
[1] "misc"
entering setEdgeAttributesDirect, misc, with 3 names and 3 values
------- test.setEdgeTargetArrowColorDirect
estimated displayGraph time:      0.1 seconds
adding 3 nodes...
sending 3 nodes
ending sendNodes
adding 3 edges...
transforming (3) graph edges to nodePairTable
sending 3 edges
adding node attributes...
[1] "type"
[1] "lfc"
[1] "label"
[1] "count"
adding edge attributes...
[1] "edgeType"
entering setEdgeAttributesDirect, edgeType, with 3 names and 3 values
[1] "score"
entering setEdgeAttributesDirect, score, with 3 names and 3 values
0.013 0 0.014 0 0
[1] "misc"
entering setEdgeAttributesDirect, misc, with 3 names and 3 values
------- test.setEdgeOpacityDirect
estimated displayGraph time:      0.1 seconds
adding 3 nodes...
sending 3 nodes
ending sendNodes
adding 3 edges...
transforming (3) graph edges to nodePairTable
sending 3 edges
adding node attributes...
[1] "type"
[1] "lfc"
[1] "label"
[1] "count"
adding edge attributes...
[1] "edgeType"
entering setEdgeAttributesDirect, edgeType, with 3 names and 3 values
[1] "score"
entering setEdgeAttributesDirect, score, with 3 names and 3 values
0.013 0 0.014 0 0
[1] "misc"
entering setEdgeAttributesDirect, misc, with 3 names and 3 values
------- test.setEdgeSourceArrowOpacityDirect
estimated displayGraph time:      0.1 seconds
adding 3 nodes...
sending 3 nodes
ending sendNodes
adding 3 edges...
transforming (3) graph edges to nodePairTable
sending 3 edges
adding node attributes...
[1] "type"
[1] "lfc"
[1] "label"
[1] "count"
adding edge attributes...
[1] "edgeType"
entering setEdgeAttributesDirect, edgeType, with 3 names and 3 values
[1] "score"
entering setEdgeAttributesDirect, score, with 3 names and 3 values
0.012 0.001 0.014 0 0
[1] "misc"
entering setEdgeAttributesDirect, misc, with 3 names and 3 values
------- test.setEdgeTargetArrowOpacityDirect
estimated displayGraph time:      0.1 seconds
adding 3 nodes...
sending 3 nodes
ending sendNodes
adding 3 edges...
transforming (3) graph edges to nodePairTable
sending 3 edges
adding node attributes...
[1] "type"
[1] "lfc"
[1] "label"
[1] "count"
adding edge attributes...
[1] "edgeType"
entering setEdgeAttributesDirect, edgeType, with 3 names and 3 values
[1] "score"
entering setEdgeAttributesDirect, score, with 3 names and 3 values
0.013 0 0.014 0 0
[1] "misc"
entering setEdgeAttributesDirect, misc, with 3 names and 3 values
------- test.setEdgeOpacityDirect
estimated displayGraph time:      0.1 seconds
adding 3 nodes...
sending 3 nodes
ending sendNodes
adding 3 edges...
transforming (3) graph edges to nodePairTable
sending 3 edges
adding node attributes...
[1] "type"
[1] "lfc"
[1] "label"
[1] "count"
adding edge attributes...
[1] "edgeType"
entering setEdgeAttributesDirect, edgeType, with 3 names and 3 values
[1] "score"
entering setEdgeAttributesDirect, score, with 3 names and 3 values
0.013 0.001 0.015 0 0
[1] "misc"
entering setEdgeAttributesDirect, misc, with 3 names and 3 values
------- test.setEdgeOpacityDirect
estimated displayGraph time:      0.1 seconds
adding 3 nodes...
sending 3 nodes
ending sendNodes
adding 3 edges...
transforming (3) graph edges to nodePairTable
sending 3 edges
adding node attributes...
[1] "type"
[1] "lfc"
[1] "label"
[1] "count"
adding edge attributes...
[1] "edgeType"
entering setEdgeAttributesDirect, edgeType, with 3 names and 3 values
[1] "score"
entering setEdgeAttributesDirect, score, with 3 names and 3 values
0.013 0.001 0.015 0 0
[1] "misc"
entering setEdgeAttributesDirect, misc, with 3 names and 3 values
------- test.countNodes
estimated displayGraph time:      0.1 seconds
adding 3 nodes...
sending 3 nodes
ending sendNodes
adding 3 edges...
transforming (3) graph edges to nodePairTable
sending 3 edges
adding node attributes...
[1] "type"
[1] "lfc"
[1] "label"
[1] "count"
adding edge attributes...
[1] "edgeType"
entering setEdgeAttributesDirect, edgeType, with 3 names and 3 values
[1] "score"
entering setEdgeAttributesDirect, score, with 3 names and 3 values
0.012 0 0.014 0 0
[1] "misc"
entering setEdgeAttributesDirect, misc, with 3 names and 3 values
------- test.countEdges
estimated displayGraph time:      0.1 seconds
adding 3 nodes...
sending 3 nodes
ending sendNodes
adding 3 edges...
transforming (3) graph edges to nodePairTable
sending 3 edges
adding node attributes...
[1] "type"
[1] "lfc"
[1] "label"
[1] "count"
adding edge attributes...
[1] "edgeType"
entering setEdgeAttributesDirect, edgeType, with 3 names and 3 values
[1] "score"
entering setEdgeAttributesDirect, score, with 3 names and 3 values
0.015 0 0.016 0 0
[1] "misc"
entering setEdgeAttributesDirect, misc, with 3 names and 3 values
------- test.countNodesAndEdgesInEmptyGraph
nodes have no label attribute -- adding default labels
RCytoscape::displayGraph, empty graph, returning
------- test.getAllNodes
estimated displayGraph time:      0.1 seconds
adding 3 nodes...
sending 3 nodes
ending sendNodes
adding 3 edges...
transforming (3) graph edges to nodePairTable
sending 3 edges
adding node attributes...
[1] "type"
[1] "lfc"
[1] "label"
[1] "count"
adding edge attributes...
[1] "edgeType"
entering setEdgeAttributesDirect, edgeType, with 3 names and 3 values
[1] "score"
entering setEdgeAttributesDirect, score, with 3 names and 3 values
0.012 0.001 0.014 0 0
[1] "misc"
entering setEdgeAttributesDirect, misc, with 3 names and 3 values
------- test.getAllEdges
estimated displayGraph time:      0.1 seconds
adding 3 nodes...
sending 3 nodes
ending sendNodes
adding 3 edges...
transforming (3) graph edges to nodePairTable
sending 3 edges
adding node attributes...
[1] "type"
[1] "lfc"
[1] "label"
[1] "count"
adding edge attributes...
[1] "edgeType"
entering setEdgeAttributesDirect, edgeType, with 3 names and 3 values
[1] "score"
entering setEdgeAttributesDirect, score, with 3 names and 3 values
0.013 0.001 0.014 0 0
[1] "misc"
entering setEdgeAttributesDirect, misc, with 3 names and 3 values
------- test.selectNodes
estimated displayGraph time:      0.1 seconds
adding 3 nodes...
sending 3 nodes
ending sendNodes
adding 3 edges...
transforming (3) graph edges to nodePairTable
sending 3 edges
adding node attributes...
[1] "type"
[1] "lfc"
[1] "label"
[1] "count"
adding edge attributes...
[1] "edgeType"
entering setEdgeAttributesDirect, edgeType, with 3 names and 3 values
[1] "score"
entering setEdgeAttributesDirect, score, with 3 names and 3 values
0.012 0.001 0.014 0 0
[1] "misc"
entering setEdgeAttributesDirect, misc, with 3 names and 3 values
selectNodes asked to select nodes not in graph: bogus missing
selectNodes asked to select nodes not in graph: bogus missing
------- test.nodeNeighborReportingAndSelection
nodes have no label attribute -- adding default labels
estimated displayGraph time:      0.4 seconds
adding 26 nodes...
sending 26 nodes
ending sendNodes
adding 26 edges...
transforming (26) graph edges to nodePairTable
sending 26 edges
adding node attributes...
[1] "label"
adding edge attributes...
[1] "weight"
entering setEdgeAttributesDirect, weight, with 26 names and 26 values
0.047 0.001 2.051 0 0
------- test.invertSelection
estimated displayGraph time:      0.1 seconds
adding 3 nodes...
sending 3 nodes
ending sendNodes
adding 3 edges...
transforming (3) graph edges to nodePairTable
sending 3 edges
adding node attributes...
[1] "type"
[1] "lfc"
[1] "label"
[1] "count"
adding edge attributes...
[1] "edgeType"
entering setEdgeAttributesDirect, edgeType, with 3 names and 3 values
[1] "score"
entering setEdgeAttributesDirect, score, with 3 names and 3 values
0.017 0 0.018 0 0
[1] "misc"
entering setEdgeAttributesDirect, misc, with 3 names and 3 values
------- test.deleteSelectedNodes
estimated displayGraph time:      0.1 seconds
adding 3 nodes...
sending 3 nodes
ending sendNodes
adding 3 edges...
transforming (3) graph edges to nodePairTable
sending 3 edges
adding node attributes...
[1] "type"
[1] "lfc"
[1] "label"
[1] "count"
adding edge attributes...
[1] "edgeType"
entering setEdgeAttributesDirect, edgeType, with 3 names and 3 values
[1] "score"
entering setEdgeAttributesDirect, score, with 3 names and 3 values
0.012 0.001 0.014 0 0
[1] "misc"
entering setEdgeAttributesDirect, misc, with 3 names and 3 values
------- test.hideNodes
estimated displayGraph time:      0.1 seconds
adding 3 nodes...
sending 3 nodes
ending sendNodes
adding 3 edges...
transforming (3) graph edges to nodePairTable
sending 3 edges
adding node attributes...
[1] "type"
[1] "lfc"
[1] "label"
[1] "count"
adding edge attributes...
[1] "edgeType"
entering setEdgeAttributesDirect, edgeType, with 3 names and 3 values
[1] "score"
entering setEdgeAttributesDirect, score, with 3 names and 3 values
0.013 0.001 0.014 0 0
[1] "misc"
entering setEdgeAttributesDirect, misc, with 3 names and 3 values
------- test.selectEdges
estimated displayGraph time:      0.1 seconds
adding 3 nodes...
sending 3 nodes
ending sendNodes
adding 3 edges...
transforming (3) graph edges to nodePairTable
sending 3 edges
adding node attributes...
[1] "type"
[1] "lfc"
[1] "label"
[1] "count"
adding edge attributes...
[1] "edgeType"
entering setEdgeAttributesDirect, edgeType, with 3 names and 3 values
[1] "score"
entering setEdgeAttributesDirect, score, with 3 names and 3 values
0.013 0.001 0.013 0 0
[1] "misc"
entering setEdgeAttributesDirect, misc, with 3 names and 3 values
------- test.setEdgeLineStyleRule
estimated displayGraph time:      0.1 seconds
adding 3 nodes...
sending 3 nodes
ending sendNodes
adding 3 edges...
transforming (3) graph edges to nodePairTable
sending 3 edges
adding node attributes...
[1] "type"
[1] "lfc"
[1] "label"
[1] "count"
adding edge attributes...
[1] "edgeType"
entering setEdgeAttributesDirect, edgeType, with 3 names and 3 values
[1] "score"
entering setEdgeAttributesDirect, score, with 3 names and 3 values
0.015 0.001 0.016 0 0
[1] "misc"
entering setEdgeAttributesDirect, misc, with 3 names and 3 values
------- test.setEdgeLineWidthRule
estimated displayGraph time:      0.1 seconds
adding 3 nodes...
sending 3 nodes
ending sendNodes
adding 3 edges...
transforming (3) graph edges to nodePairTable
sending 3 edges
adding node attributes...
[1] "type"
[1] "lfc"
[1] "label"
[1] "count"
adding edge attributes...
[1] "edgeType"
entering setEdgeAttributesDirect, edgeType, with 3 names and 3 values
[1] "score"
entering setEdgeAttributesDirect, score, with 3 names and 3 values
0.012 0.001 0.014 0 0
[1] "misc"
entering setEdgeAttributesDirect, misc, with 3 names and 3 values
------- test.setEdgeColorRule
estimated displayGraph time:      0.1 seconds
adding 3 nodes...
sending 3 nodes
ending sendNodes
adding 3 edges...
transforming (3) graph edges to nodePairTable
sending 3 edges
adding node attributes...
[1] "type"
[1] "lfc"
[1] "label"
[1] "count"
adding edge attributes...
[1] "edgeType"
entering setEdgeAttributesDirect, edgeType, with 3 names and 3 values
[1] "score"
entering setEdgeAttributesDirect, score, with 3 names and 3 values
0.018 0 0.019 0 0
[1] "misc"
entering setEdgeAttributesDirect, misc, with 3 names and 3 values
------- test.setEdgeTargetArrowRule
estimated displayGraph time:      0.1 seconds
adding 3 nodes...
sending 3 nodes
ending sendNodes
adding 3 edges...
transforming (3) graph edges to nodePairTable
sending 3 edges
adding node attributes...
[1] "type"
[1] "lfc"
[1] "label"
[1] "count"
adding edge attributes...
[1] "edgeType"
entering setEdgeAttributesDirect, edgeType, with 3 names and 3 values
[1] "score"
entering setEdgeAttributesDirect, score, with 3 names and 3 values
0.015 0 0.016 0 0
[1] "misc"
entering setEdgeAttributesDirect, misc, with 3 names and 3 values
------- test.setEdgeArrowColorRules
estimated displayGraph time:      0.1 seconds
adding 3 nodes...
sending 3 nodes
ending sendNodes
adding 3 edges...
transforming (3) graph edges to nodePairTable
sending 3 edges
adding node attributes...
[1] "type"
[1] "lfc"
[1] "label"
[1] "count"
adding edge attributes...
[1] "edgeType"
entering setEdgeAttributesDirect, edgeType, with 3 names and 3 values
[1] "score"
entering setEdgeAttributesDirect, score, with 3 names and 3 values
0.02 0.001 0.022 0 0
[1] "misc"
entering setEdgeAttributesDirect, misc, with 3 names and 3 values
------- test.setEdgeSourceArrowRule
estimated displayGraph time:      0.1 seconds
adding 3 nodes...
sending 3 nodes
ending sendNodes
adding 3 edges...
transforming (3) graph edges to nodePairTable
sending 3 edges
adding node attributes...
[1] "type"
[1] "lfc"
[1] "label"
[1] "count"
adding edge attributes...
[1] "edgeType"
entering setEdgeAttributesDirect, edgeType, with 3 names and 3 values
[1] "score"
entering setEdgeAttributesDirect, score, with 3 names and 3 values
0.016 0 0.017 0 0
[1] "misc"
entering setEdgeAttributesDirect, misc, with 3 names and 3 values
------- test.movie
estimated displayGraph time:      0.1 seconds
adding 3 nodes...
sending 3 nodes
ending sendNodes
adding 3 edges...
transforming (3) graph edges to nodePairTable
sending 3 edges
adding node attributes...
[1] "type"
[1] "lfc"
[1] "label"
[1] "count"
adding edge attributes...
[1] "edgeType"
entering setEdgeAttributesDirect, edgeType, with 3 names and 3 values
[1] "score"
entering setEdgeAttributesDirect, score, with 3 names and 3 values
0.014 0 0.015 0 0
[1] "misc"
entering setEdgeAttributesDirect, misc, with 3 names and 3 values
RCytoscape::setNodeSizeRule, no 'below' or 'above' sizes specified.  Inferred from node.sizes.
------- test.unmatchedAttributesError
estimated displayGraph time:      0.1 seconds
adding 3 nodes...
sending 3 nodes
ending sendNodes
adding 3 edges...
transforming (3) graph edges to nodePairTable
sending 3 edges
adding node attributes...
[1] "type"
[1] "lfc"
[1] "label"
[1] "count"
adding edge attributes...
[1] "edgeType"
entering setEdgeAttributesDirect, edgeType, with 3 names and 3 values
[1] "score"
entering setEdgeAttributesDirect, score, with 3 names and 3 values
0.013 0 0.014 0 0
[1] "misc"
entering setEdgeAttributesDirect, misc, with 3 names and 3 values
RCytoscape::setNodeSizeRule, no 'below' or 'above' sizes specified.  Inferred from node.sizes.
RCytoscape::setNodeSizeRule, no 'below' or 'above' sizes specified.  Inferred from node.sizes.
[1] "----- test.remove.redundancies.in.undirected.graph"
------- test.randomUndirectedGraph
nodes have no label attribute -- adding default labels
estimated displayGraph time:      0.4 seconds
adding 12 nodes...
sending 12 nodes
ending sendNodes
adding 30 edges...
transforming (30) graph edges to nodePairTable
sending 30 edges
adding node attributes...
[1] "label"
adding edge attributes...
[1] "weight"
entering setEdgeAttributesDirect, weight, with 30 names and 30 values
0.047 0.001 1.05 0 0
[1] "pmid"
entering setEdgeAttributesDirect, pmid, with 30 names and 30 values
------- test.simpleGraph
estimated displayGraph time:      0.1 seconds
adding 3 nodes...
sending 3 nodes
ending sendNodes
adding 3 edges...
transforming (3) graph edges to nodePairTable
sending 3 edges
adding node attributes...
[1] "type"
[1] "lfc"
[1] "label"
[1] "count"
adding edge attributes...
[1] "edgeType"
entering setEdgeAttributesDirect, edgeType, with 3 names and 3 values
[1] "score"
entering setEdgeAttributesDirect, score, with 3 names and 3 values
0.014 0 0.015 0 0
[1] "misc"
entering setEdgeAttributesDirect, misc, with 3 names and 3 values
RCytoscape::setNodeSizeRule, no 'below' or 'above' sizes specified.  Inferred from node.sizes.
------- test.simpleGraphWithReciprocalEdge
estimated displayGraph time:      0.1 seconds
adding 3 nodes...
sending 3 nodes
ending sendNodes
adding 3 edges...
transforming (3) graph edges to nodePairTable
sending 4 edges
adding node attributes...
[1] "type"
[1] "lfc"
[1] "label"
[1] "count"
adding edge attributes...
[1] "edgeType"
entering setEdgeAttributesDirect, edgeType, with 4 names and 4 values
[1] "score"
entering setEdgeAttributesDirect, score, with 4 names and 4 values
0.013 0 2.016 0 0
[1] "misc"
entering setEdgeAttributesDirect, misc, with 4 names and 4 values
RCytoscape::setNodeSizeRule, no 'below' or 'above' sizes specified.  Inferred from node.sizes.
------- test.setGraph
nodes have no label attribute -- adding default labels
------- test.setNodePosition
estimated displayGraph time:      0.1 seconds
adding 3 nodes...
sending 3 nodes
ending sendNodes
adding 3 edges...
transforming (3) graph edges to nodePairTable
sending 3 edges
adding node attributes...
[1] "type"
[1] "lfc"
[1] "label"
[1] "count"
adding edge attributes...
[1] "edgeType"
entering setEdgeAttributesDirect, edgeType, with 3 names and 3 values
[1] "score"
entering setEdgeAttributesDirect, score, with 3 names and 3 values
0.015 0.001 0.017 0 0
[1] "misc"
entering setEdgeAttributesDirect, misc, with 3 names and 3 values
------- test.getNodePosition
estimated displayGraph time:      0.1 seconds
adding 3 nodes...
sending 3 nodes
ending sendNodes
adding 3 edges...
transforming (3) graph edges to nodePairTable
sending 3 edges
adding node attributes...
[1] "type"
[1] "lfc"
[1] "label"
[1] "count"
adding edge attributes...
[1] "edgeType"
entering setEdgeAttributesDirect, edgeType, with 3 names and 3 values
[1] "score"
entering setEdgeAttributesDirect, score, with 3 names and 3 values
0.017 0 0.018 0 0
[1] "misc"
entering setEdgeAttributesDirect, misc, with 3 names and 3 values
------- test.getNodePosition.colonInNodeName
estimated displayGraph time:      0.1 seconds
adding 4 nodes...
sending 4 nodes
ending sendNodes
adding 3 edges...
transforming (3) graph edges to nodePairTable
sending 3 edges
adding node attributes...
[1] "type"
[1] "lfc"
[1] "label"
[1] "count"
adding edge attributes...
[1] "edgeType"
entering setEdgeAttributesDirect, edgeType, with 3 names and 3 values
[1] "score"
entering setEdgeAttributesDirect, score, with 3 names and 3 values
0.013 0 0.014 0 0
[1] "misc"
entering setEdgeAttributesDirect, misc, with 3 names and 3 values
------- test.getNodeSize
estimated displayGraph time:      0.1 seconds
adding 3 nodes...
sending 3 nodes
ending sendNodes
adding 3 edges...
transforming (3) graph edges to nodePairTable
sending 3 edges
adding node attributes...
[1] "type"
[1] "lfc"
[1] "label"
[1] "count"
adding edge attributes...
[1] "edgeType"
entering setEdgeAttributesDirect, edgeType, with 3 names and 3 values
[1] "score"
entering setEdgeAttributesDirect, score, with 3 names and 3 values
0.013 0.001 0.014 0 0
[1] "misc"
entering setEdgeAttributesDirect, misc, with 3 names and 3 values
------- test.haveNodeAttribute
estimated displayGraph time:      0.1 seconds
adding 3 nodes...
sending 3 nodes
ending sendNodes
adding 3 edges...
transforming (3) graph edges to nodePairTable
sending 3 edges
adding node attributes...
[1] "type"
[1] "lfc"
[1] "label"
[1] "count"
adding edge attributes...
[1] "edgeType"
entering setEdgeAttributesDirect, edgeType, with 3 names and 3 values
[1] "score"
entering setEdgeAttributesDirect, score, with 3 names and 3 values
0.012 0 0.014 0 0
[1] "misc"
entering setEdgeAttributesDirect, misc, with 3 names and 3 values
------- test.haveEdgeAttribute
estimated displayGraph time:      0.1 seconds
adding 3 nodes...
sending 3 nodes
ending sendNodes
adding 3 edges...
transforming (3) graph edges to nodePairTable
sending 3 edges
adding node attributes...
[1] "type"
[1] "lfc"
[1] "label"
[1] "count"
adding edge attributes...
[1] "edgeType"
entering setEdgeAttributesDirect, edgeType, with 3 names and 3 values
[1] "score"
entering setEdgeAttributesDirect, score, with 3 names and 3 values
0.014 0 0.015 0 0
[1] "misc"
entering setEdgeAttributesDirect, misc, with 3 names and 3 values
------- test.copyNodeAttributesFromCyGraph
estimated displayGraph time:      0.1 seconds
adding 3 nodes...
sending 3 nodes
ending sendNodes
adding 3 edges...
transforming (3) graph edges to nodePairTable
sending 3 edges
adding node attributes...
[1] "type"
[1] "lfc"
[1] "label"
[1] "count"
adding edge attributes...
[1] "edgeType"
entering setEdgeAttributesDirect, edgeType, with 3 names and 3 values
[1] "score"
entering setEdgeAttributesDirect, score, with 3 names and 3 values
0.014 0.001 0.015 0 0
[1] "misc"
entering setEdgeAttributesDirect, misc, with 3 names and 3 values
retrieving STRING "node.labelColor" attribute for 1 nodes
retrieving STRING "node.height" attribute for 3 nodes
retrieving STRING "node.fillColor" attribute for 3 nodes
retrieving INTEGER "count" attribute for 3 nodes
retrieving STRING "node.size" attribute for 3 nodes
retrieving STRING "label" attribute for 3 nodes
retrieving STRING "node.opacity" attribute for 3 nodes
retrieving STRING "type" attribute for 3 nodes
retrieving STRING "node.fontSize" attribute for 2 nodes
retrieving STRING "node.borderColor" attribute for 2 nodes
retrieving STRING "treeSpecies" attribute for 2 nodes
retrieving STRING "node.LabelOpacity" attribute for 3 nodes
retrieving STRING "canonicalName" attribute for 3 nodes
retrieving FLOATING "lfc" attribute for 3 nodes
retrieving STRING "node.borderOpacity" attribute for 3 nodes
retrieving STRING "node.width" attribute for 3 nodes
retrieving STRING "node.label" attribute for 3 nodes
retrieving STRING "node.customGraphics1" attribute for 3 nodes
------- test.copyEdgeAttributesFromCyGraph
estimated displayGraph time:      0.1 seconds
adding 3 nodes...
sending 3 nodes
ending sendNodes
adding 3 edges...
transforming (3) graph edges to nodePairTable
sending 3 edges
adding node attributes...
[1] "type"
[1] "lfc"
[1] "label"
[1] "count"
adding edge attributes...
[1] "edgeType"
entering setEdgeAttributesDirect, edgeType, with 3 names and 3 values
[1] "score"
entering setEdgeAttributesDirect, score, with 3 names and 3 values
0.015 0.001 0.017 0 0
[1] "misc"
entering setEdgeAttributesDirect, misc, with 3 names and 3 values
creating 3 cytoscape-style edge names
retrieving STRING "edge.fontSize" attribute for 1 edges
retrieving STRING "edge.targetArrowShape" attribute for 3 edges
retrieving STRING "edgeType" attribute for 3 edges
retrieving STRING "edge.labelColor" attribute for 1 edges
retrieving FLOATING "score" attribute for 3 edges
retrieving STRING "edge.sourceArrowShape" attribute for 3 edges
retrieving STRING "interaction" attribute for 3 edges
retrieving STRING "misc" attribute for 3 edges
retrieving STRING "edge.targetArrowOpacity" attribute for 3 edges
retrieving STRING "edge.lineWidth" attribute for 3 edges
retrieving STRING "treeSpecies" attribute for 2 edges
retrieving STRING "edge.lineStyle" attribute for 3 edges
retrieving STRING "edge.sourceArrowOpacity" attribute for 3 edges
retrieving STRING "edge.targetArrowColor" attribute for 3 edges
retrieving STRING "canonicalName" attribute for 3 edges
retrieving STRING "edge.sourceArrowColor" attribute for 3 edges
retrieving STRING "edge.opacity" attribute for 3 edges
retrieving STRING "edge.toolTip" attribute for 3 edges
retrieving STRING "edge.labelOpacity" attribute for 1 edges
retrieving STRING "edge.color" attribute for 1 edges
retrieving STRING "edge.label" attribute for 2 edges
------- test.getGraphFromCyWindow
estimated displayGraph time:      0.1 seconds
adding 3 nodes...
sending 3 nodes
ending sendNodes
adding 3 edges...
transforming (3) graph edges to nodePairTable
sending 3 edges
adding node attributes...
[1] "type"
[1] "lfc"
[1] "label"
[1] "count"
adding edge attributes...
[1] "edgeType"
entering setEdgeAttributesDirect, edgeType, with 3 names and 3 values
[1] "score"
entering setEdgeAttributesDirect, score, with 3 names and 3 values
0.013 0.001 0.015 0 0
[1] "misc"
entering setEdgeAttributesDirect, misc, with 3 names and 3 values
received 3 nodes from test.getGraphFromCyWindow
adding 3 nodes to local graph
received 3 edges from test.getGraphFromCyWindow
adding 3 edges to local graph
retrieving STRING "node.labelColor" attribute for 1 nodes
retrieving STRING "node.height" attribute for 3 nodes
retrieving STRING "node.fillColor" attribute for 3 nodes
retrieving INTEGER "count" attribute for 3 nodes
retrieving STRING "node.size" attribute for 3 nodes
retrieving STRING "label" attribute for 3 nodes
retrieving STRING "node.opacity" attribute for 3 nodes
retrieving STRING "type" attribute for 3 nodes
retrieving STRING "node.fontSize" attribute for 2 nodes
retrieving STRING "node.borderColor" attribute for 2 nodes
retrieving STRING "treeSpecies" attribute for 2 nodes
retrieving STRING "node.LabelOpacity" attribute for 3 nodes
retrieving STRING "canonicalName" attribute for 3 nodes
retrieving FLOATING "lfc" attribute for 3 nodes
retrieving STRING "node.borderOpacity" attribute for 3 nodes
retrieving STRING "node.width" attribute for 3 nodes
retrieving STRING "node.label" attribute for 3 nodes
retrieving STRING "node.customGraphics1" attribute for 3 nodes
creating 3 cytoscape-style edge names
retrieving STRING "edge.fontSize" attribute for 1 edges
retrieving STRING "edge.targetArrowShape" attribute for 3 edges
retrieving STRING "edgeType" attribute for 3 edges
retrieving STRING "edge.labelColor" attribute for 1 edges
retrieving FLOATING "score" attribute for 3 edges
retrieving STRING "edge.sourceArrowShape" attribute for 3 edges
retrieving STRING "interaction" attribute for 3 edges
retrieving STRING "misc" attribute for 3 edges
retrieving STRING "edge.targetArrowOpacity" attribute for 3 edges
retrieving STRING "edge.lineWidth" attribute for 3 edges
retrieving STRING "treeSpecies" attribute for 2 edges
retrieving STRING "edge.lineStyle" attribute for 3 edges
retrieving STRING "edge.sourceArrowOpacity" attribute for 3 edges
retrieving STRING "edge.targetArrowColor" attribute for 3 edges
retrieving STRING "canonicalName" attribute for 3 edges
retrieving STRING "edge.sourceArrowColor" attribute for 3 edges
retrieving STRING "edge.opacity" attribute for 3 edges
retrieving STRING "edge.toolTip" attribute for 3 edges
retrieving STRING "edge.labelOpacity" attribute for 1 edges
retrieving STRING "edge.color" attribute for 1 edges
retrieving STRING "edge.label" attribute for 2 edges
------- test.sendDegenerateGraphs
nodes have no label attribute -- adding default labels
estimated displayGraph time:      0.0 seconds
adding 2 nodes...
sending 2 nodes
ending sendNodes
adding 0 edges...
CytoscapeWindow.sendEdges, no edges in graph.  returning
adding node attributes...
[1] "label"
adding edge attributes...
------- test.sendEmptyGraph
nodes have no label attribute -- adding default labels
RCytoscape::displayGraph, empty graph, returning
------- test.sendBigGraph
test.sendBigGraph
nodes have no label attribute -- adding default labels
estimated displayGraph time:      0.2 seconds
adding 30 nodes...
sending 30 nodes
ending sendNodes
adding 13 edges...
transforming (13) graph edges to nodePairTable
sending 13 edges
adding node attributes...
[1] "label"
adding edge attributes...
[1] "weight"
entering setEdgeAttributesDirect, weight, with 13 names and 13 values
0.025 0.001 1.027 0 0
------- test.createWindowFromSelection
estimated displayGraph time:      0.1 seconds
adding 3 nodes...
sending 3 nodes
ending sendNodes
adding 3 edges...
transforming (3) graph edges to nodePairTable
sending 3 edges
adding node attributes...
[1] "type"
[1] "lfc"
[1] "label"
[1] "count"
adding edge attributes...
[1] "edgeType"
entering setEdgeAttributesDirect, edgeType, with 3 names and 3 values
[1] "score"
entering setEdgeAttributesDirect, score, with 3 names and 3 values
0.014 0 0.015 0 0
[1] "misc"
entering setEdgeAttributesDirect, misc, with 3 names and 3 values
received 2 nodes from NEW
adding 2 nodes to local graph
received 1 edges from NEW
adding 1 edges to local graph
retrieving STRING "node.labelColor" attribute for 1 nodes
retrieving STRING "node.height" attribute for 2 nodes
retrieving STRING "node.fillColor" attribute for 2 nodes
retrieving INTEGER "count" attribute for 2 nodes
retrieving STRING "node.size" attribute for 2 nodes
retrieving STRING "label" attribute for 2 nodes
retrieving STRING "node.opacity" attribute for 2 nodes
retrieving STRING "type" attribute for 2 nodes
retrieving STRING "node.fontSize" attribute for 1 nodes
retrieving STRING "node.borderColor" attribute for 1 nodes
retrieving STRING "treeSpecies" attribute for 1 nodes
retrieving STRING "node.LabelOpacity" attribute for 2 nodes
retrieving STRING "canonicalName" attribute for 2 nodes
retrieving FLOATING "lfc" attribute for 2 nodes
retrieving STRING "node.borderOpacity" attribute for 2 nodes
retrieving STRING "node.width" attribute for 2 nodes
retrieving STRING "node.label" attribute for 2 nodes
retrieving STRING "node.customGraphics1" attribute for 2 nodes
creating 1 cytoscape-style edge names
retrieving STRING "edge.targetArrowShape" attribute for 1 edges
retrieving STRING "edgeType" attribute for 1 edges
retrieving FLOATING "score" attribute for 1 edges
retrieving STRING "edge.sourceArrowShape" attribute for 1 edges
retrieving STRING "interaction" attribute for 1 edges
retrieving STRING "misc" attribute for 1 edges
retrieving STRING "edge.targetArrowOpacity" attribute for 1 edges
retrieving STRING "edge.lineWidth" attribute for 1 edges
retrieving STRING "edge.lineStyle" attribute for 1 edges
retrieving STRING "edge.sourceArrowOpacity" attribute for 1 edges
retrieving STRING "edge.targetArrowColor" attribute for 1 edges
retrieving STRING "canonicalName" attribute for 1 edges
retrieving STRING "edge.sourceArrowColor" attribute for 1 edges
retrieving STRING "edge.opacity" attribute for 1 edges
retrieving STRING "edge.toolTip" attribute for 1 edges
received 1 nodes from NEW, just 1 node
adding 1 nodes to local graph
------- test.addGraphToGraph
estimated displayGraph time:      0.1 seconds
adding 3 nodes...
sending 3 nodes
ending sendNodes
adding 3 edges...
transforming (3) graph edges to nodePairTable
sending 3 edges
adding node attributes...
[1] "type"
[1] "lfc"
[1] "label"
[1] "count"
adding edge attributes...
[1] "edgeType"
entering setEdgeAttributesDirect, edgeType, with 3 names and 3 values
[1] "score"
entering setEdgeAttributesDirect, score, with 3 names and 3 values
0.016 0.001 0.017 0 0
[1] "misc"
entering setEdgeAttributesDirect, misc, with 3 names and 3 values
[1] sending noa label
[1] sending noa type
[1] sending noa SCORE
[1] sending noa label
[1] sending noa type
[1] sending noa SCORE
[1] sending eda edgeType
[1] other.graph: 2
[1] obj@graph: 3
entering setEdgeAttributesDirect, edgeType, with 2 names and 2 values
[1] sending eda probability
[1] other.graph: 2
[1] obj@graph: 3
entering setEdgeAttributesDirect, probability, with 2 names and 2 values
0.012 0.001 0.012 0 0
received 5 nodes from test.addGraphToGraph
adding 5 nodes to local graph
received 5 edges from test.addGraphToGraph
adding 5 edges to local graph
retrieving STRING "node.labelColor" attribute for 1 nodes
retrieving STRING "node.height" attribute for 3 nodes
retrieving STRING "node.fillColor" attribute for 3 nodes
retrieving INTEGER "count" attribute for 4 nodes
retrieving FLOATING "SCORE" attribute for 2 nodes
retrieving STRING "node.size" attribute for 4 nodes
retrieving STRING "label" attribute for 5 nodes
retrieving STRING "node.opacity" attribute for 4 nodes
retrieving STRING "type" attribute for 5 nodes
retrieving STRING "node.fontSize" attribute for 2 nodes
retrieving STRING "node.borderColor" attribute for 2 nodes
retrieving STRING "treeSpecies" attribute for 2 nodes
retrieving STRING "node.LabelOpacity" attribute for 4 nodes
retrieving STRING "canonicalName" attribute for 5 nodes
retrieving FLOATING "lfc" attribute for 4 nodes
retrieving STRING "node.borderOpacity" attribute for 4 nodes
retrieving STRING "node.width" attribute for 3 nodes
retrieving STRING "node.label" attribute for 3 nodes
retrieving STRING "node.customGraphics1" attribute for 3 nodes
creating 5 cytoscape-style edge names
retrieving STRING "edge.fontSize" attribute for 1 edges
retrieving STRING "edge.targetArrowShape" attribute for 3 edges
retrieving STRING "edgeType" attribute for 5 edges
retrieving STRING "edge.labelColor" attribute for 1 edges
retrieving FLOATING "score" attribute for 3 edges
retrieving STRING "edge.sourceArrowShape" attribute for 3 edges
retrieving STRING "interaction" attribute for 5 edges
retrieving STRING "misc" attribute for 3 edges
retrieving STRING "edge.targetArrowOpacity" attribute for 3 edges
retrieving STRING "edge.lineWidth" attribute for 3 edges
retrieving STRING "treeSpecies" attribute for 2 edges
retrieving STRING "edge.lineStyle" attribute for 3 edges
retrieving STRING "edge.sourceArrowOpacity" attribute for 3 edges
retrieving STRING "edge.targetArrowColor" attribute for 3 edges
retrieving STRING "canonicalName" attribute for 5 edges
retrieving STRING "edge.sourceArrowColor" attribute for 3 edges
retrieving STRING "edge.opacity" attribute for 3 edges
retrieving STRING "edge.toolTip" attribute for 3 edges
retrieving FLOATING "probability" attribute for 2 edges
retrieving STRING "edge.labelOpacity" attribute for 1 edges
retrieving STRING "edge.color" attribute for 1 edges
retrieving STRING "edge.label" attribute for 2 edges
------- test.addGraphToGraph.degenerateFirstGraph
nodes have no label attribute -- adding default labels
estimated displayGraph time:      0.0 seconds
adding 3 nodes...
sending 3 nodes
ending sendNodes
adding 0 edges...
CytoscapeWindow.sendEdges, no edges in graph.  returning
adding node attributes...
[1] "label"
adding edge attributes...
[1] sending noa type
[1] sending noa lfc
[1] sending noa label
[1] sending noa count
[1] sending noa type
[1] sending noa lfc
[1] sending noa label
[1] sending noa count
[1] sending eda edgeType
[1] other.graph: 3
[1] obj@graph: 0
entering setEdgeAttributesDirect, edgeType, with 3 names and 3 values
[1] sending eda score
[1] other.graph: 3
[1] obj@graph: 0
entering setEdgeAttributesDirect, score, with 3 names and 3 values
0.013 0 0.015 0 0
[1] sending eda misc
[1] other.graph: 3
[1] obj@graph: 0
entering setEdgeAttributesDirect, misc, with 3 names and 3 values
------- test.existing.CytoscapeWindow
estimated displayGraph time:      0.1 seconds
adding 3 nodes...
sending 3 nodes
ending sendNodes
adding 3 edges...
transforming (3) graph edges to nodePairTable
sending 3 edges
adding node attributes...
[1] "type"
[1] "lfc"
[1] "label"
[1] "count"
adding edge attributes...
[1] "edgeType"
entering setEdgeAttributesDirect, edgeType, with 3 names and 3 values
[1] "score"
entering setEdgeAttributesDirect, score, with 3 names and 3 values
0.012 0 0.013 0 0
[1] "misc"
entering setEdgeAttributesDirect, misc, with 3 names and 3 values
received 3 nodes from test.existing.CytoscapeWindow
adding 3 nodes to local graph
received 3 edges from test.existing.CytoscapeWindow
adding 3 edges to local graph
retrieving STRING "node.labelColor" attribute for 1 nodes
retrieving STRING "node.height" attribute for 3 nodes
retrieving STRING "node.fillColor" attribute for 3 nodes
retrieving INTEGER "count" attribute for 3 nodes
retrieving STRING "node.size" attribute for 3 nodes
retrieving STRING "label" attribute for 3 nodes
retrieving STRING "node.opacity" attribute for 3 nodes
retrieving STRING "type" attribute for 3 nodes
retrieving STRING "node.fontSize" attribute for 2 nodes
retrieving STRING "node.borderColor" attribute for 2 nodes
retrieving STRING "treeSpecies" attribute for 2 nodes
retrieving STRING "node.LabelOpacity" attribute for 3 nodes
retrieving STRING "canonicalName" attribute for 3 nodes
retrieving FLOATING "lfc" attribute for 3 nodes
retrieving STRING "node.borderOpacity" attribute for 3 nodes
retrieving STRING "node.width" attribute for 3 nodes
retrieving STRING "node.label" attribute for 3 nodes
retrieving STRING "node.customGraphics1" attribute for 3 nodes
creating 3 cytoscape-style edge names
retrieving STRING "edge.fontSize" attribute for 1 edges
retrieving STRING "edge.targetArrowShape" attribute for 3 edges
retrieving STRING "edgeType" attribute for 3 edges
retrieving STRING "edge.labelColor" attribute for 1 edges
retrieving FLOATING "score" attribute for 3 edges
retrieving STRING "edge.sourceArrowShape" attribute for 3 edges
retrieving STRING "interaction" attribute for 3 edges
retrieving STRING "misc" attribute for 3 edges
retrieving STRING "edge.targetArrowOpacity" attribute for 3 edges
retrieving STRING "edge.lineWidth" attribute for 3 edges
retrieving STRING "treeSpecies" attribute for 2 edges
retrieving STRING "edge.lineStyle" attribute for 3 edges
retrieving STRING "edge.sourceArrowOpacity" attribute for 3 edges
retrieving STRING "edge.targetArrowColor" attribute for 3 edges
retrieving STRING "canonicalName" attribute for 3 edges
retrieving STRING "edge.sourceArrowColor" attribute for 3 edges
retrieving STRING "edge.opacity" attribute for 3 edges
retrieving STRING "edge.toolTip" attribute for 3 edges
retrieving STRING "edge.labelOpacity" attribute for 1 edges
retrieving STRING "edge.color" attribute for 1 edges
retrieving STRING "edge.label" attribute for 2 edges
------- test.existing.CytoscapeWindow.noEdges
nodes have no label attribute -- adding default labels
estimated displayGraph time:      0.0 seconds
adding 3 nodes...
sending 3 nodes
ending sendNodes
adding 0 edges...
CytoscapeWindow.sendEdges, no edges in graph.  returning
adding node attributes...
[1] "label"
adding edge attributes...
received 3 nodes from test.existing.CytoscapeWindow.noEdges
adding 3 nodes to local graph
------- test.existing.CytoscapeWindow.emptyGraph
nodes have no label attribute -- adding default labels
RCytoscape::displayGraph, empty graph, returning
------- test.addGetAndDeleteEdgeAttributes
estimated displayGraph time:      0.1 seconds
adding 3 nodes...
sending 3 nodes
ending sendNodes
adding 3 edges...
transforming (3) graph edges to nodePairTable
sending 3 edges
adding node attributes...
[1] "type"
[1] "lfc"
[1] "label"
[1] "count"
adding edge attributes...
[1] "edgeType"
entering setEdgeAttributesDirect, edgeType, with 3 names and 3 values
[1] "score"
entering setEdgeAttributesDirect, score, with 3 names and 3 values
0.014 0 0.016 0 0
[1] "misc"
entering setEdgeAttributesDirect, misc, with 3 names and 3 values
entering setEdgeAttributesDirect, treeSpecies, with 2 names and 2 values
entering setEdgeAttributesDirect, ageInYears, with 1 names and 1 values
------- test.addGetAndDeleteNodeAttributes
estimated displayGraph time:      0.1 seconds
adding 3 nodes...
sending 3 nodes
ending sendNodes
adding 3 edges...
transforming (3) graph edges to nodePairTable
sending 3 edges
adding node attributes...
[1] "type"
[1] "lfc"
[1] "label"
[1] "count"
adding edge attributes...
[1] "edgeType"
entering setEdgeAttributesDirect, edgeType, with 3 names and 3 values
[1] "score"
entering setEdgeAttributesDirect, score, with 3 names and 3 values
0.013 0.001 0.014 0 0
[1] "misc"
entering setEdgeAttributesDirect, misc, with 3 names and 3 values
------- test.getVisualStyleNames
estimated displayGraph time:      0.1 seconds
adding 3 nodes...
sending 3 nodes
ending sendNodes
adding 3 edges...
transforming (3) graph edges to nodePairTable
sending 3 edges
adding node attributes...
[1] "type"
[1] "lfc"
[1] "label"
[1] "count"
adding edge attributes...
[1] "edgeType"
entering setEdgeAttributesDirect, edgeType, with 3 names and 3 values
[1] "score"
entering setEdgeAttributesDirect, score, with 3 names and 3 values
0.016 0 0.017 0 0
[1] "misc"
entering setEdgeAttributesDirect, misc, with 3 names and 3 values
------- test.copyVisualStyle
estimated displayGraph time:      0.1 seconds
adding 3 nodes...
sending 3 nodes
ending sendNodes
adding 3 edges...
transforming (3) graph edges to nodePairTable
sending 3 edges
adding node attributes...
[1] "type"
[1] "lfc"
[1] "label"
[1] "count"
adding edge attributes...
[1] "edgeType"
entering setEdgeAttributesDirect, edgeType, with 3 names and 3 values
[1] "score"
entering setEdgeAttributesDirect, score, with 3 names and 3 values
0.013 0.001 0.015 0 0
[1] "misc"
entering setEdgeAttributesDirect, misc, with 3 names and 3 values
Error in convertToR(xmlParse(node, asText = TRUE)) : 
  faultCode: 0 faultString: Failed to invoke method copyVisualStyle in class tudelft.CytoscapeRPC.CytoscapeRPCCallHandler: Duplicate visual style name tmp.125.617346517975
Calls: run.tests ... convertToR -> convertToR -> convertToR -> convertToR
Execution halted
